=== START Thu Dec 11 04:29:23 PM +07 2025 ===
python3: can't open file '/home/tuananh/Project2/crawl.py': [Errno 2] No such file or directory
=== SCRIPT CRASH / EXIT — RESTART SAU 5 GIÂY ===
=== START Thu Dec 11 04:29:28 PM +07 2025 ===
python3: can't open file '/home/tuananh/Project2/crawl.py': [Errno 2] No such file or directory
=== SCRIPT CRASH / EXIT — RESTART SAU 5 GIÂY ===
=== START Thu Dec 11 04:29:33 PM +07 2025 ===
python3: can't open file '/home/tuananh/Project2/crawl.py': [Errno 2] No such file or directory
=== SCRIPT CRASH / EXIT — RESTART SAU 5 GIÂY ===
=== START Thu Dec 11 04:29:38 PM +07 2025 ===
python3: can't open file '/home/tuananh/Project2/crawl.py': [Errno 2] No such file or directory
=== SCRIPT CRASH / EXIT — RESTART SAU 5 GIÂY ===
=== START Thu Dec 11 04:29:43 PM +07 2025 ===
python3: can't open file '/home/tuananh/Project2/crawl.py': [Errno 2] No such file or directory
=== SCRIPT CRASH / EXIT — RESTART SAU 5 GIÂY ===
=== START Thu Dec 11 04:29:48 PM +07 2025 ===
python3: can't open file '/home/tuananh/Project2/crawl.py': [Errno 2] No such file or directory
=== SCRIPT CRASH / EXIT — RESTART SAU 5 GIÂY ===
=== START Thu Dec 11 04:29:53 PM +07 2025 ===
python3: can't open file '/home/tuananh/Project2/crawl.py': [Errno 2] No such file or directory
=== SCRIPT CRASH / EXIT — RESTART SAU 5 GIÂY ===
=== START Thu Dec 11 04:29:58 PM +07 2025 ===
python3: can't open file '/home/tuananh/Project2/crawl.py': [Errno 2] No such file or directory
=== SCRIPT CRASH / EXIT — RESTART SAU 5 GIÂY ===
=== START Thu Dec 11 04:30:03 PM +07 2025 ===
python3: can't open file '/home/tuananh/Project2/crawl.py': [Errno 2] No such file or directory
=== SCRIPT CRASH / EXIT — RESTART SAU 5 GIÂY ===
=== START Thu Dec 11 04:30:08 PM +07 2025 ===
python3: can't open file '/home/tuananh/Project2/crawl.py': [Errno 2] No such file or directory
=== SCRIPT CRASH / EXIT — RESTART SAU 5 GIÂY ===
=== START Thu Dec 11 04:30:13 PM +07 2025 ===
python3: can't open file '/home/tuananh/Project2/crawl.py': [Errno 2] No such file or directory
=== SCRIPT CRASH / EXIT — RESTART SAU 5 GIÂY ===
=== START Thu Dec 11 04:30:18 PM +07 2025 ===
python3: can't open file '/home/tuananh/Project2/crawl.py': [Errno 2] No such file or directory
=== SCRIPT CRASH / EXIT — RESTART SAU 5 GIÂY ===
=== START Thu Dec 11 04:30:23 PM +07 2025 ===
python3: can't open file '/home/tuananh/Project2/crawl.py': [Errno 2] No such file or directory
=== SCRIPT CRASH / EXIT — RESTART SAU 5 GIÂY ===
=== START Thu Dec 11 04:30:28 PM +07 2025 ===
python3: can't open file '/home/tuananh/Project2/crawl.py': [Errno 2] No such file or directory
=== SCRIPT CRASH / EXIT — RESTART SAU 5 GIÂY ===
=== START Thu Dec 11 04:30:34 PM +07 2025 ===
python3: can't open file '/home/tuananh/Project2/crawl.py': [Errno 2] No such file or directory
=== SCRIPT CRASH / EXIT — RESTART SAU 5 GIÂY ===
=== START Thu Dec 11 04:30:39 PM +07 2025 ===
python3: can't open file '/home/tuananh/Project2/crawl.py': [Errno 2] No such file or directory
=== SCRIPT CRASH / EXIT — RESTART SAU 5 GIÂY ===
=== START Thu Dec 11 04:30:44 PM +07 2025 ===
python3: can't open file '/home/tuananh/Project2/crawl.py': [Errno 2] No such file or directory
=== SCRIPT CRASH / EXIT — RESTART SAU 5 GIÂY ===
=== START Thu Dec 11 04:30:49 PM +07 2025 ===
python3: can't open file '/home/tuananh/Project2/crawl.py': [Errno 2] No such file or directory
=== SCRIPT CRASH / EXIT — RESTART SAU 5 GIÂY ===
=== START Thu Dec 11 04:30:54 PM +07 2025 ===
python3: can't open file '/home/tuananh/Project2/crawl.py': [Errno 2] No such file or directory
=== SCRIPT CRASH / EXIT — RESTART SAU 5 GIÂY ===
=== START Thu Dec 11 04:30:59 PM +07 2025 ===
python3: can't open file '/home/tuananh/Project2/crawl.py': [Errno 2] No such file or directory
=== SCRIPT CRASH / EXIT — RESTART SAU 5 GIÂY ===
=== START Thu Dec 11 04:31:04 PM +07 2025 ===
python3: can't open file '/home/tuananh/Project2/crawl.py': [Errno 2] No such file or directory
=== SCRIPT CRASH / EXIT — RESTART SAU 5 GIÂY ===
=== START Thu Dec 11 04:31:09 PM +07 2025 ===
python3: can't open file '/home/tuananh/Project2/crawl.py': [Errno 2] No such file or directory
=== SCRIPT CRASH / EXIT — RESTART SAU 5 GIÂY ===
=== START Thu Dec 11 04:31:14 PM +07 2025 ===
python3: can't open file '/home/tuananh/Project2/crawl.py': [Errno 2] No such file or directory
=== SCRIPT CRASH / EXIT — RESTART SAU 5 GIÂY ===
=== START Thu Dec 11 04:31:19 PM +07 2025 ===
python3: can't open file '/home/tuananh/Project2/crawl.py': [Errno 2] No such file or directory
=== SCRIPT CRASH / EXIT — RESTART SAU 5 GIÂY ===
=== START Thu Dec 11 04:31:24 PM +07 2025 ===
python3: can't open file '/home/tuananh/Project2/crawl.py': [Errno 2] No such file or directory
=== SCRIPT CRASH / EXIT — RESTART SAU 5 GIÂY ===
=== START Thu Dec 11 04:31:29 PM +07 2025 ===
python3: can't open file '/home/tuananh/Project2/crawl.py': [Errno 2] No such file or directory
=== SCRIPT CRASH / EXIT — RESTART SAU 5 GIÂY ===
=== START Thu Dec 11 04:31:34 PM +07 2025 ===
python3: can't open file '/home/tuananh/Project2/crawl.py': [Errno 2] No such file or directory
=== SCRIPT CRASH / EXIT — RESTART SAU 5 GIÂY ===
=== START Thu Dec 11 04:31:39 PM +07 2025 ===
python3: can't open file '/home/tuananh/Project2/crawl.py': [Errno 2] No such file or directory
=== SCRIPT CRASH / EXIT — RESTART SAU 5 GIÂY ===
=== START Thu Dec 11 04:31:44 PM +07 2025 ===
python3: can't open file '/home/tuananh/Project2/crawl.py': [Errno 2] No such file or directory
=== SCRIPT CRASH / EXIT — RESTART SAU 5 GIÂY ===
=== START Thu Dec 11 04:31:49 PM +07 2025 ===
python3: can't open file '/home/tuananh/Project2/crawl.py': [Errno 2] No such file or directory
=== SCRIPT CRASH / EXIT — RESTART SAU 5 GIÂY ===
=== START Thu Dec 11 04:31:54 PM +07 2025 ===
python3: can't open file '/home/tuananh/Project2/crawl.py': [Errno 2] No such file or directory
=== SCRIPT CRASH / EXIT — RESTART SAU 5 GIÂY ===
=== START Thu Dec 11 04:31:59 PM +07 2025 ===
python3: can't open file '/home/tuananh/Project2/crawl.py': [Errno 2] No such file or directory
=== SCRIPT CRASH / EXIT — RESTART SAU 5 GIÂY ===
=== START Thu Dec 11 04:32:04 PM +07 2025 ===
python3: can't open file '/home/tuananh/Project2/crawl.py': [Errno 2] No such file or directory
=== SCRIPT CRASH / EXIT — RESTART SAU 5 GIÂY ===
=== START Thu Dec 11 04:32:09 PM +07 2025 ===
python3: can't open file '/home/tuananh/Project2/crawl.py': [Errno 2] No such file or directory
=== SCRIPT CRASH / EXIT — RESTART SAU 5 GIÂY ===
=== START Thu Dec 11 04:32:14 PM +07 2025 ===
python3: can't open file '/home/tuananh/Project2/crawl.py': [Errno 2] No such file or directory
=== SCRIPT CRASH / EXIT — RESTART SAU 5 GIÂY ===
=== START Thu Dec 11 04:32:19 PM +07 2025 ===
python3: can't open file '/home/tuananh/Project2/crawl.py': [Errno 2] No such file or directory
=== SCRIPT CRASH / EXIT — RESTART SAU 5 GIÂY ===
=== START Thu Dec 11 04:32:24 PM +07 2025 ===
python3: can't open file '/home/tuananh/Project2/crawl.py': [Errno 2] No such file or directory
=== SCRIPT CRASH / EXIT — RESTART SAU 5 GIÂY ===
=== START Thu Dec 11 04:32:29 PM +07 2025 ===
python3: can't open file '/home/tuananh/Project2/crawl.py': [Errno 2] No such file or directory
=== SCRIPT CRASH / EXIT — RESTART SAU 5 GIÂY ===
=== START Thu Dec 11 04:32:34 PM +07 2025 ===
python3: can't open file '/home/tuananh/Project2/crawl.py': [Errno 2] No such file or directory
=== SCRIPT CRASH / EXIT — RESTART SAU 5 GIÂY ===
=== START Thu Dec 11 04:32:39 PM +07 2025 ===
python3: can't open file '/home/tuananh/Project2/crawl.py': [Errno 2] No such file or directory
=== SCRIPT CRASH / EXIT — RESTART SAU 5 GIÂY ===
=== START Thu Dec 11 04:32:44 PM +07 2025 ===
python3: can't open file '/home/tuananh/Project2/crawl.py': [Errno 2] No such file or directory
=== SCRIPT CRASH / EXIT — RESTART SAU 5 GIÂY ===
=== START Thu Dec 11 04:32:49 PM +07 2025 ===
python3: can't open file '/home/tuananh/Project2/crawl.py': [Errno 2] No such file or directory
=== SCRIPT CRASH / EXIT — RESTART SAU 5 GIÂY ===
=== START Thu Dec 11 04:32:54 PM +07 2025 ===
python3: can't open file '/home/tuananh/Project2/crawl.py': [Errno 2] No such file or directory
=== SCRIPT CRASH / EXIT — RESTART SAU 5 GIÂY ===
=== START Thu Dec 11 04:32:55 PM +07 2025 ===
python3: can't open file '/home/tuananh/Project2/crawl.py': [Errno 2] No such file or directory
=== SCRIPT CRASH / EXIT — RESTART SAU 5 GIÂY ===
=== START Thu Dec 11 04:32:59 PM +07 2025 ===
python3: can't open file '/home/tuananh/Project2/crawl.py': [Errno 2] No such file or directory
=== SCRIPT CRASH / EXIT — RESTART SAU 5 GIÂY ===
=== START Thu Dec 11 04:33:00 PM +07 2025 ===
python3: can't open file '/home/tuananh/Project2/crawl.py': [Errno 2] No such file or directory
=== SCRIPT CRASH / EXIT — RESTART SAU 5 GIÂY ===
=== START Thu Dec 11 04:33:04 PM +07 2025 ===
python3: can't open file '/home/tuananh/Project2/crawl.py': [Errno 2] No such file or directory
=== SCRIPT CRASH / EXIT — RESTART SAU 5 GIÂY ===
=== START Thu Dec 11 04:33:05 PM +07 2025 ===
python3: can't open file '/home/tuananh/Project2/crawl.py': [Errno 2] No such file or directory
=== SCRIPT CRASH / EXIT — RESTART SAU 5 GIÂY ===
=== START Thu Dec 11 04:33:09 PM +07 2025 ===
python3: can't open file '/home/tuananh/Project2/crawl.py': [Errno 2] No such file or directory
=== SCRIPT CRASH / EXIT — RESTART SAU 5 GIÂY ===
=== START Thu Dec 11 04:33:10 PM +07 2025 ===
python3: can't open file '/home/tuananh/Project2/crawl.py': [Errno 2] No such file or directory
=== SCRIPT CRASH / EXIT — RESTART SAU 5 GIÂY ===
=== START Thu Dec 11 04:33:15 PM +07 2025 ===
python3: can't open file '/home/tuananh/Project2/crawl.py': [Errno 2] No such file or directory
=== SCRIPT CRASH / EXIT — RESTART SAU 5 GIÂY ===
=== START Thu Dec 11 04:33:15 PM +07 2025 ===
python3: can't open file '/home/tuananh/Project2/crawl.py': [Errno 2] No such file or directory
=== SCRIPT CRASH / EXIT — RESTART SAU 5 GIÂY ===
=== START Thu Dec 11 04:33:20 PM +07 2025 ===
python3: can't open file '/home/tuananh/Project2/crawl.py': [Errno 2] No such file or directory
=== SCRIPT CRASH / EXIT — RESTART SAU 5 GIÂY ===
=== START Thu Dec 11 04:33:20 PM +07 2025 ===
python3: can't open file '/home/tuananh/Project2/crawl.py': [Errno 2] No such file or directory
=== SCRIPT CRASH / EXIT — RESTART SAU 5 GIÂY ===
=== START Thu Dec 11 04:33:25 PM +07 2025 ===
python3: can't open file '/home/tuananh/Project2/crawl.py': [Errno 2] No such file or directory
=== SCRIPT CRASH / EXIT — RESTART SAU 5 GIÂY ===
=== START Thu Dec 11 04:33:25 PM +07 2025 ===
python3: can't open file '/home/tuananh/Project2/crawl.py': [Errno 2] No such file or directory
=== SCRIPT CRASH / EXIT — RESTART SAU 5 GIÂY ===
=== START Thu Dec 11 04:33:30 PM +07 2025 ===
python3: can't open file '/home/tuananh/Project2/crawl.py': [Errno 2] No such file or directory
=== SCRIPT CRASH / EXIT — RESTART SAU 5 GIÂY ===
=== START Thu Dec 11 04:33:30 PM +07 2025 ===
python3: can't open file '/home/tuananh/Project2/crawl.py': [Errno 2] No such file or directory
=== SCRIPT CRASH / EXIT — RESTART SAU 5 GIÂY ===
=== START Thu Dec 11 04:33:35 PM +07 2025 ===
python3: can't open file '/home/tuananh/Project2/crawl.py': [Errno 2] No such file or directory
=== SCRIPT CRASH / EXIT — RESTART SAU 5 GIÂY ===
=== START Thu Dec 11 04:33:35 PM +07 2025 ===
python3: can't open file '/home/tuananh/Project2/crawl.py': [Errno 2] No such file or directory
=== SCRIPT CRASH / EXIT — RESTART SAU 5 GIÂY ===
=== START Thu Dec 11 04:33:40 PM +07 2025 ===
python3: can't open file '/home/tuananh/Project2/crawl.py': [Errno 2] No such file or directory
=== SCRIPT CRASH / EXIT — RESTART SAU 5 GIÂY ===
=== START Thu Dec 11 04:33:40 PM +07 2025 ===
python3: can't open file '/home/tuananh/Project2/crawl.py': [Errno 2] No such file or directory
=== SCRIPT CRASH / EXIT — RESTART SAU 5 GIÂY ===
=== START Thu Dec 11 04:33:45 PM +07 2025 ===
python3: can't open file '/home/tuananh/Project2/crawl.py': [Errno 2] No such file or directory
=== SCRIPT CRASH / EXIT — RESTART SAU 5 GIÂY ===
=== START Thu Dec 11 04:33:45 PM +07 2025 ===
python3: can't open file '/home/tuananh/Project2/crawl.py': [Errno 2] No such file or directory
=== SCRIPT CRASH / EXIT — RESTART SAU 5 GIÂY ===
=== START Thu Dec 11 04:33:50 PM +07 2025 ===
python3: can't open file '/home/tuananh/Project2/crawl.py': [Errno 2] No such file or directory
=== SCRIPT CRASH / EXIT — RESTART SAU 5 GIÂY ===
=== START Thu Dec 11 04:33:51 PM +07 2025 ===
python3: can't open file '/home/tuananh/Project2/crawl.py': [Errno 2] No such file or directory
=== SCRIPT CRASH / EXIT — RESTART SAU 5 GIÂY ===
=== START Thu Dec 11 04:33:55 PM +07 2025 ===
python3: can't open file '/home/tuananh/Project2/crawl.py': [Errno 2] No such file or directory
=== SCRIPT CRASH / EXIT — RESTART SAU 5 GIÂY ===
=== START Thu Dec 11 04:33:56 PM +07 2025 ===
python3: can't open file '/home/tuananh/Project2/crawl.py': [Errno 2] No such file or directory
=== SCRIPT CRASH / EXIT — RESTART SAU 5 GIÂY ===
=== START Thu Dec 11 04:34:00 PM +07 2025 ===
python3: can't open file '/home/tuananh/Project2/crawl.py': [Errno 2] No such file or directory
=== SCRIPT CRASH / EXIT — RESTART SAU 5 GIÂY ===
=== START Thu Dec 11 04:34:01 PM +07 2025 ===
python3: can't open file '/home/tuananh/Project2/crawl.py': [Errno 2] No such file or directory
=== SCRIPT CRASH / EXIT — RESTART SAU 5 GIÂY ===
=== START Thu Dec 11 04:34:05 PM +07 2025 ===
python3: can't open file '/home/tuananh/Project2/crawl.py': [Errno 2] No such file or directory
=== SCRIPT CRASH / EXIT — RESTART SAU 5 GIÂY ===
=== START Thu Dec 11 04:34:06 PM +07 2025 ===
python3: can't open file '/home/tuananh/Project2/crawl.py': [Errno 2] No such file or directory
=== SCRIPT CRASH / EXIT — RESTART SAU 5 GIÂY ===
=== START Thu Dec 11 04:34:10 PM +07 2025 ===
python3: can't open file '/home/tuananh/Project2/crawl.py': [Errno 2] No such file or directory
=== SCRIPT CRASH / EXIT — RESTART SAU 5 GIÂY ===
=== START Thu Dec 11 04:34:11 PM +07 2025 ===
python3: can't open file '/home/tuananh/Project2/crawl.py': [Errno 2] No such file or directory
=== SCRIPT CRASH / EXIT — RESTART SAU 5 GIÂY ===
=== START Thu Dec 11 04:34:15 PM +07 2025 ===
python3: can't open file '/home/tuananh/Project2/crawl.py': [Errno 2] No such file or directory
=== SCRIPT CRASH / EXIT — RESTART SAU 5 GIÂY ===
=== START Thu Dec 11 04:34:16 PM +07 2025 ===
python3: can't open file '/home/tuananh/Project2/crawl.py': [Errno 2] No such file or directory
=== SCRIPT CRASH / EXIT — RESTART SAU 5 GIÂY ===
=== START Thu Dec 11 04:34:20 PM +07 2025 ===
python3: can't open file '/home/tuananh/Project2/crawl.py': [Errno 2] No such file or directory
=== SCRIPT CRASH / EXIT — RESTART SAU 5 GIÂY ===
=== START Thu Dec 11 04:34:21 PM +07 2025 ===
python3: can't open file '/home/tuananh/Project2/crawl.py': [Errno 2] No such file or directory
=== SCRIPT CRASH / EXIT — RESTART SAU 5 GIÂY ===
=== START Thu Dec 11 04:34:25 PM +07 2025 ===
python3: can't open file '/home/tuananh/Project2/crawl.py': [Errno 2] No such file or directory
=== SCRIPT CRASH / EXIT — RESTART SAU 5 GIÂY ===
=== START Thu Dec 11 04:34:26 PM +07 2025 ===
python3: can't open file '/home/tuananh/Project2/crawl.py': [Errno 2] No such file or directory
=== SCRIPT CRASH / EXIT — RESTART SAU 5 GIÂY ===
=== START Thu Dec 11 04:34:30 PM +07 2025 ===
python3: can't open file '/home/tuananh/Project2/crawl.py': [Errno 2] No such file or directory
=== SCRIPT CRASH / EXIT — RESTART SAU 5 GIÂY ===
=== START Thu Dec 11 04:34:31 PM +07 2025 ===
python3: can't open file '/home/tuananh/Project2/crawl.py': [Errno 2] No such file or directory
=== SCRIPT CRASH / EXIT — RESTART SAU 5 GIÂY ===
=== START Thu Dec 11 04:34:35 PM +07 2025 ===
python3: can't open file '/home/tuananh/Project2/crawl.py': [Errno 2] No such file or directory
=== SCRIPT CRASH / EXIT — RESTART SAU 5 GIÂY ===
=== START Thu Dec 11 04:34:36 PM +07 2025 ===
python3: can't open file '/home/tuananh/Project2/crawl.py': [Errno 2] No such file or directory
=== SCRIPT CRASH / EXIT — RESTART SAU 5 GIÂY ===
=== START Thu Dec 11 04:34:40 PM +07 2025 ===
python3: can't open file '/home/tuananh/Project2/crawl.py': [Errno 2] No such file or directory
=== SCRIPT CRASH / EXIT — RESTART SAU 5 GIÂY ===
=== START Thu Dec 11 04:34:41 PM +07 2025 ===
python3: can't open file '/home/tuananh/Project2/crawl.py': [Errno 2] No such file or directory
=== SCRIPT CRASH / EXIT — RESTART SAU 5 GIÂY ===
=== START Thu Dec 11 04:34:45 PM +07 2025 ===
python3: can't open file '/home/tuananh/Project2/crawl.py': [Errno 2] No such file or directory
=== SCRIPT CRASH / EXIT — RESTART SAU 5 GIÂY ===
=== START Thu Dec 11 04:34:46 PM +07 2025 ===
python3: can't open file '/home/tuananh/Project2/crawl.py': [Errno 2] No such file or directory
=== SCRIPT CRASH / EXIT — RESTART SAU 5 GIÂY ===
=== START Thu Dec 11 04:34:50 PM +07 2025 ===
python3: can't open file '/home/tuananh/Project2/crawl.py': [Errno 2] No such file or directory
=== SCRIPT CRASH / EXIT — RESTART SAU 5 GIÂY ===
=== START Thu Dec 11 04:34:51 PM +07 2025 ===
python3: can't open file '/home/tuananh/Project2/crawl.py': [Errno 2] No such file or directory
=== SCRIPT CRASH / EXIT — RESTART SAU 5 GIÂY ===
=== START Thu Dec 11 04:34:55 PM +07 2025 ===
python3: can't open file '/home/tuananh/Project2/crawl.py': [Errno 2] No such file or directory
=== SCRIPT CRASH / EXIT — RESTART SAU 5 GIÂY ===
=== START Thu Dec 11 04:34:56 PM +07 2025 ===
python3: can't open file '/home/tuananh/Project2/crawl.py': [Errno 2] No such file or directory
=== SCRIPT CRASH / EXIT — RESTART SAU 5 GIÂY ===
=== START Thu Dec 11 04:35:11 PM +07 2025 ===
python3: can't open file '/home/tuananh/Project2/crawl.py': [Errno 2] No such file or directory
=== SCRIPT CRASH / EXIT — RESTART SAU 5 GIÂY ===
=== START Thu Dec 11 04:35:16 PM +07 2025 ===
python3: can't open file '/home/tuananh/Project2/crawl.py': [Errno 2] No such file or directory
=== SCRIPT CRASH / EXIT — RESTART SAU 5 GIÂY ===
=== START Thu Dec 11 04:35:21 PM +07 2025 ===
python3: can't open file '/home/tuananh/Project2/crawl.py': [Errno 2] No such file or directory
=== SCRIPT CRASH / EXIT — RESTART SAU 5 GIÂY ===
=== START Thu Dec 11 04:35:26 PM +07 2025 ===
python3: can't open file '/home/tuananh/Project2/crawl.py': [Errno 2] No such file or directory
=== SCRIPT CRASH / EXIT — RESTART SAU 5 GIÂY ===
=== START Thu Dec 11 04:35:31 PM +07 2025 ===
python3: can't open file '/home/tuananh/Project2/crawl.py': [Errno 2] No such file or directory
=== SCRIPT CRASH / EXIT — RESTART SAU 5 GIÂY ===
=== START Thu Dec 11 04:35:36 PM +07 2025 ===
python3: can't open file '/home/tuananh/Project2/crawl.py': [Errno 2] No such file or directory
=== SCRIPT CRASH / EXIT — RESTART SAU 5 GIÂY ===
=== START Thu Dec 11 04:35:41 PM +07 2025 ===
python3: can't open file '/home/tuananh/Project2/crawl.py': [Errno 2] No such file or directory
=== SCRIPT CRASH / EXIT — RESTART SAU 5 GIÂY ===
=== START Thu Dec 11 04:35:46 PM +07 2025 ===
python3: can't open file '/home/tuananh/Project2/crawl.py': [Errno 2] No such file or directory
=== SCRIPT CRASH / EXIT — RESTART SAU 5 GIÂY ===
=== START Thu Dec 11 04:35:51 PM +07 2025 ===
python3: can't open file '/home/tuananh/Project2/crawl.py': [Errno 2] No such file or directory
=== SCRIPT CRASH / EXIT — RESTART SAU 5 GIÂY ===
=== START Thu Dec 11 04:35:56 PM +07 2025 ===
python3: can't open file '/home/tuananh/Project2/crawl.py': [Errno 2] No such file or directory
=== SCRIPT CRASH / EXIT — RESTART SAU 5 GIÂY ===
=== START Thu Dec 11 04:36:01 PM +07 2025 ===
python3: can't open file '/home/tuananh/Project2/crawl.py': [Errno 2] No such file or directory
=== SCRIPT CRASH / EXIT — RESTART SAU 5 GIÂY ===
=== START Thu Dec 11 04:36:06 PM +07 2025 ===
python3: can't open file '/home/tuananh/Project2/crawl.py': [Errno 2] No such file or directory
=== SCRIPT CRASH / EXIT — RESTART SAU 5 GIÂY ===
=== START Thu Dec 11 04:36:12 PM +07 2025 ===
python3: can't open file '/home/tuananh/Project2/crawl.py': [Errno 2] No such file or directory
=== SCRIPT CRASH / EXIT — RESTART SAU 5 GIÂY ===
=== START Thu Dec 11 04:36:17 PM +07 2025 ===
python3: can't open file '/home/tuananh/Project2/crawl.py': [Errno 2] No such file or directory
=== SCRIPT CRASH / EXIT — RESTART SAU 5 GIÂY ===
=== START Thu Dec 11 04:36:22 PM +07 2025 ===
python3: can't open file '/home/tuananh/Project2/crawl.py': [Errno 2] No such file or directory
=== SCRIPT CRASH / EXIT — RESTART SAU 5 GIÂY ===
=== START Thu Dec 11 04:36:27 PM +07 2025 ===
python3: can't open file '/home/tuananh/Project2/crawl.py': [Errno 2] No such file or directory
=== SCRIPT CRASH / EXIT — RESTART SAU 5 GIÂY ===
=== START Thu Dec 11 04:36:32 PM +07 2025 ===
python3: can't open file '/home/tuananh/Project2/crawl.py': [Errno 2] No such file or directory
=== SCRIPT CRASH / EXIT — RESTART SAU 5 GIÂY ===
=== START Thu Dec 11 04:36:37 PM +07 2025 ===
python3: can't open file '/home/tuananh/Project2/crawl.py': [Errno 2] No such file or directory
=== SCRIPT CRASH / EXIT — RESTART SAU 5 GIÂY ===
=== START Thu Dec 11 04:36:42 PM +07 2025 ===
python3: can't open file '/home/tuananh/Project2/crawl.py': [Errno 2] No such file or directory
=== SCRIPT CRASH / EXIT — RESTART SAU 5 GIÂY ===
=== START Thu Dec 11 04:36:47 PM +07 2025 ===
python3: can't open file '/home/tuananh/Project2/crawl.py': [Errno 2] No such file or directory
=== SCRIPT CRASH / EXIT — RESTART SAU 5 GIÂY ===
=== START Thu Dec 11 04:36:52 PM +07 2025 ===
python3: can't open file '/home/tuananh/Project2/crawl.py': [Errno 2] No such file or directory
=== SCRIPT CRASH / EXIT — RESTART SAU 5 GIÂY ===
=== START Thu Dec 11 04:36:57 PM +07 2025 ===
python3: can't open file '/home/tuananh/Project2/crawl.py': [Errno 2] No such file or directory
=== SCRIPT CRASH / EXIT — RESTART SAU 5 GIÂY ===
=== START Thu Dec 11 04:37:02 PM +07 2025 ===
python3: can't open file '/home/tuananh/Project2/crawl.py': [Errno 2] No such file or directory
=== SCRIPT CRASH / EXIT — RESTART SAU 5 GIÂY ===
=== START Thu Dec 11 04:37:07 PM +07 2025 ===
python3: can't open file '/home/tuananh/Project2/crawl.py': [Errno 2] No such file or directory
=== SCRIPT CRASH / EXIT — RESTART SAU 5 GIÂY ===
=== START Thu Dec 11 04:37:12 PM +07 2025 ===
python3: can't open file '/home/tuananh/Project2/crawl.py': [Errno 2] No such file or directory
=== SCRIPT CRASH / EXIT — RESTART SAU 5 GIÂY ===
=== START Thu Dec 11 04:37:17 PM +07 2025 ===
python3: can't open file '/home/tuananh/Project2/crawl.py': [Errno 2] No such file or directory
=== SCRIPT CRASH / EXIT — RESTART SAU 5 GIÂY ===
=== START Thu Dec 11 04:37:22 PM +07 2025 ===
python3: can't open file '/home/tuananh/Project2/crawl.py': [Errno 2] No such file or directory
=== SCRIPT CRASH / EXIT — RESTART SAU 5 GIÂY ===
=== START Thu Dec 11 04:37:27 PM +07 2025 ===
python3: can't open file '/home/tuananh/Project2/crawl.py': [Errno 2] No such file or directory
=== SCRIPT CRASH / EXIT — RESTART SAU 5 GIÂY ===
=== START Thu Dec 11 04:37:32 PM +07 2025 ===
python3: can't open file '/home/tuananh/Project2/crawl.py': [Errno 2] No such file or directory
=== SCRIPT CRASH / EXIT — RESTART SAU 5 GIÂY ===
=== START Thu Dec 11 04:37:37 PM +07 2025 ===
python3: can't open file '/home/tuananh/Project2/crawl.py': [Errno 2] No such file or directory
=== SCRIPT CRASH / EXIT — RESTART SAU 5 GIÂY ===
=== START Thu Dec 11 04:37:42 PM +07 2025 ===
python3: can't open file '/home/tuananh/Project2/crawl.py': [Errno 2] No such file or directory
=== SCRIPT CRASH / EXIT — RESTART SAU 5 GIÂY ===
=== START Thu Dec 11 04:37:47 PM +07 2025 ===
python3: can't open file '/home/tuananh/Project2/crawl.py': [Errno 2] No such file or directory
=== SCRIPT CRASH / EXIT — RESTART SAU 5 GIÂY ===
=== START Thu Dec 11 04:37:52 PM +07 2025 ===
python3: can't open file '/home/tuananh/Project2/crawl.py': [Errno 2] No such file or directory
=== SCRIPT CRASH / EXIT — RESTART SAU 5 GIÂY ===
=== START Thu Dec 11 04:37:57 PM +07 2025 ===
python3: can't open file '/home/tuananh/Project2/crawl.py': [Errno 2] No such file or directory
=== SCRIPT CRASH / EXIT — RESTART SAU 5 GIÂY ===
=== START Thu Dec 11 04:38:02 PM +07 2025 ===
python3: can't open file '/home/tuananh/Project2/crawl.py': [Errno 2] No such file or directory
=== SCRIPT CRASH / EXIT — RESTART SAU 5 GIÂY ===
=== START Thu Dec 11 04:38:07 PM +07 2025 ===
python3: can't open file '/home/tuananh/Project2/crawl.py': [Errno 2] No such file or directory
=== SCRIPT CRASH / EXIT — RESTART SAU 5 GIÂY ===
=== START Thu Dec 11 04:38:12 PM +07 2025 ===
python3: can't open file '/home/tuananh/Project2/crawl.py': [Errno 2] No such file or directory
=== SCRIPT CRASH / EXIT — RESTART SAU 5 GIÂY ===
=== START Thu Dec 11 04:38:17 PM +07 2025 ===
python3: can't open file '/home/tuananh/Project2/crawl.py': [Errno 2] No such file or directory
=== SCRIPT CRASH / EXIT — RESTART SAU 5 GIÂY ===
=== START Thu Dec 11 04:38:22 PM +07 2025 ===
python3: can't open file '/home/tuananh/Project2/crawl.py': [Errno 2] No such file or directory
=== SCRIPT CRASH / EXIT — RESTART SAU 5 GIÂY ===
=== START Thu Dec 11 04:38:27 PM +07 2025 ===
python3: can't open file '/home/tuananh/Project2/crawl.py': [Errno 2] No such file or directory
=== SCRIPT CRASH / EXIT — RESTART SAU 5 GIÂY ===
=== START Thu Dec 11 04:38:32 PM +07 2025 ===
python3: can't open file '/home/tuananh/Project2/crawl.py': [Errno 2] No such file or directory
=== SCRIPT CRASH / EXIT — RESTART SAU 5 GIÂY ===
Traceback (most recent call last):
  File "/home/tuananh/Project2/problem.py", line 1, in <module>
    import pandas as pd
ModuleNotFoundError: No module named 'pandas'
Python crashed or failed, retrying in 5 seconds...
Traceback (most recent call last):
  File "/home/tuananh/Project2/problem.py", line 1, in <module>
    import pandas as pd
ModuleNotFoundError: No module named 'pandas'
Python crashed or failed, retrying in 5 seconds...
Traceback (most recent call last):
  File "/home/tuananh/Project2/problem.py", line 1, in <module>
    import pandas as pd
ModuleNotFoundError: No module named 'pandas'
Python crashed or failed, retrying in 5 seconds...
Traceback (most recent call last):
  File "/home/tuananh/Project2/problem.py", line 1, in <module>
    import pandas as pd
ModuleNotFoundError: No module named 'pandas'
Python crashed or failed, retrying in 5 seconds...
Traceback (most recent call last):
  File "/home/tuananh/Project2/problem.py", line 1, in <module>
    import pandas as pd
ModuleNotFoundError: No module named 'pandas'
Python crashed or failed, retrying in 5 seconds...
Traceback (most recent call last):
  File "/home/tuananh/Project2/problem.py", line 1, in <module>
    import pandas as pd
ModuleNotFoundError: No module named 'pandas'
Python crashed or failed, retrying in 5 seconds...
Traceback (most recent call last):
  File "/home/tuananh/Project2/problem.py", line 1, in <module>
    import pandas as pd
ModuleNotFoundError: No module named 'pandas'
Python crashed or failed, retrying in 5 seconds...
Traceback (most recent call last):
  File "/home/tuananh/Project2/problem.py", line 1, in <module>
    import pandas as pd
ModuleNotFoundError: No module named 'pandas'
Python crashed or failed, retrying in 5 seconds...
Traceback (most recent call last):
  File "/home/tuananh/Project2/problem.py", line 1, in <module>
    import pandas as pd
ModuleNotFoundError: No module named 'pandas'
Python crashed or failed, retrying in 5 seconds...
Traceback (most recent call last):
  File "/home/tuananh/Project2/problem.py", line 1, in <module>
    import pandas as pd
ModuleNotFoundError: No module named 'pandas'
Python crashed or failed, retrying in 5 seconds...
Traceback (most recent call last):
  File "/home/tuananh/Project2/problem.py", line 1, in <module>
    import pandas as pd
ModuleNotFoundError: No module named 'pandas'
Python crashed or failed, retrying in 5 seconds...
Traceback (most recent call last):
  File "/home/tuananh/Project2/problem.py", line 1, in <module>
    import pandas as pd
ModuleNotFoundError: No module named 'pandas'
Python crashed or failed, retrying in 5 seconds...
Traceback (most recent call last):
  File "/home/tuananh/Project2/problem.py", line 1, in <module>
    import pandas as pd
ModuleNotFoundError: No module named 'pandas'
Python crashed or failed, retrying in 5 seconds...
Traceback (most recent call last):
  File "/home/tuananh/Project2/problem.py", line 1, in <module>
    import pandas as pd
ModuleNotFoundError: No module named 'pandas'
Python crashed or failed, retrying in 5 seconds...
Traceback (most recent call last):
  File "/home/tuananh/Project2/problem.py", line 1, in <module>
    import pandas as pd
ModuleNotFoundError: No module named 'pandas'
Python crashed or failed, retrying in 5 seconds...
Traceback (most recent call last):
  File "/home/tuananh/Project2/problem.py", line 1, in <module>
    import pandas as pd
ModuleNotFoundError: No module named 'pandas'
Python crashed or failed, retrying in 5 seconds...
Traceback (most recent call last):
  File "/home/tuananh/Project2/problem.py", line 1, in <module>
    import pandas as pd
ModuleNotFoundError: No module named 'pandas'
Python crashed or failed, retrying in 5 seconds...
Traceback (most recent call last):
  File "/home/tuananh/Project2/problem.py", line 1, in <module>
    import pandas as pd
ModuleNotFoundError: No module named 'pandas'
Python crashed or failed, retrying in 5 seconds...
Traceback (most recent call last):
  File "/home/tuananh/Project2/problem.py", line 1, in <module>
    import pandas as pd
ModuleNotFoundError: No module named 'pandas'
Python crashed or failed, retrying in 5 seconds...
Traceback (most recent call last):
  File "/home/tuananh/Project2/problem.py", line 1, in <module>
    import pandas as pd
ModuleNotFoundError: No module named 'pandas'
Python crashed or failed, retrying in 5 seconds...
Traceback (most recent call last):
  File "/home/tuananh/Project2/problem.py", line 1, in <module>
    import pandas as pd
ModuleNotFoundError: No module named 'pandas'
Python crashed or failed, retrying in 5 seconds...
Traceback (most recent call last):
  File "/home/tuananh/Project2/problem.py", line 1, in <module>
    import pandas as pd
ModuleNotFoundError: No module named 'pandas'
Python crashed or failed, retrying in 5 seconds...
